c:\users\benjy\documents\visual studio 2015\projects\tinyengine\tinyengine\x64\release\vc140.pdb
c:\users\benjy\documents\visual studio 2015\projects\tinyengine\tinyengine\x64\release\glad.obj
c:\users\benjy\documents\visual studio 2015\projects\tinyengine\tinyengine\x64\release\tinyworldtransform.obj
c:\users\benjy\documents\visual studio 2015\projects\tinyengine\tinyengine\x64\release\tinysurfaces.obj
c:\users\benjy\documents\visual studio 2015\projects\tinyengine\tinyengine\x64\release\tinyshader.obj
c:\users\benjy\documents\visual studio 2015\projects\tinyengine\tinyengine\x64\release\tinyrender.obj
c:\users\benjy\documents\visual studio 2015\projects\tinyengine\tinyengine\x64\release\tinyraytrace.obj
c:\users\benjy\documents\visual studio 2015\projects\tinyengine\tinyengine\x64\release\tinyengine.obj
c:\users\benjy\documents\visual studio 2015\projects\tinyengine\tinyengine\x64\release\tinydisplay.obj
c:\users\benjy\documents\visual studio 2015\projects\tinyengine\tinyengine\x64\release\tinyassets.obj
c:\users\benjy\documents\visual studio 2015\projects\tinyengine\tinyengine\x64\release\tinymaths.obj
c:\users\benjy\documents\visual studio 2015\projects\tinyengine\tinyengine\x64\release\tinyutil.obj
c:\users\benjy\documents\visual studio 2015\projects\tinyengine\tinyengine\x64\release\tinyworld.obj
c:\users\benjy\documents\visual studio 2015\projects\tinyengine\x64\release\tinyengine.exe
c:\users\benjy\documents\visual studio 2015\projects\tinyengine\x64\release\tinyengine.ipdb
c:\users\benjy\documents\visual studio 2015\projects\tinyengine\x64\release\tinyengine.iobj
c:\users\benjy\documents\visual studio 2015\projects\tinyengine\x64\release\tinyengine.pdb
c:\users\benjy\documents\visual studio 2015\projects\tinyengine\tinyengine\x64\release\tinyengine.tlog\cl.command.1.tlog
c:\users\benjy\documents\visual studio 2015\projects\tinyengine\tinyengine\x64\release\tinyengine.tlog\cl.read.1.tlog
c:\users\benjy\documents\visual studio 2015\projects\tinyengine\tinyengine\x64\release\tinyengine.tlog\cl.write.1.tlog
c:\users\benjy\documents\visual studio 2015\projects\tinyengine\tinyengine\x64\release\tinyengine.tlog\link.command.1.tlog
c:\users\benjy\documents\visual studio 2015\projects\tinyengine\tinyengine\x64\release\tinyengine.tlog\link.read.1.tlog
c:\users\benjy\documents\visual studio 2015\projects\tinyengine\tinyengine\x64\release\tinyengine.tlog\link.write.1.tlog
